D:\工程\C++工程\HUFFMAN_MAZ\HUFFMAN_MAZ\UNHUFF_FILE\DEBUG\源.OBJ
D:\工程\C++工程\HUFFMAN_MAZ\HUFFMAN_MAZ\UNHUFF_FILE\DEBUG\VC110.PDB
D:\工程\C++工程\HUFFMAN_MAZ\HUFFMAN_MAZ\DEBUG\UNHUFF_FILE.ILK
D:\工程\C++工程\HUFFMAN_MAZ\HUFFMAN_MAZ\DEBUG\UNHUFF_FILE.EXE
D:\工程\C++工程\HUFFMAN_MAZ\HUFFMAN_MAZ\DEBUG\UNHUFF_FILE.PDB
D:\工程\C++工程\Huffman_maz\Huffman_maz\Unhuff_file\Debug\源.obj
D:\工程\C++工程\Huffman_maz\Huffman_maz\Unhuff_file\Debug\cl.command.1.tlog
D:\工程\C++工程\Huffman_maz\Huffman_maz\Unhuff_file\Debug\CL.read.1.tlog
D:\工程\C++工程\Huffman_maz\Huffman_maz\Unhuff_file\Debug\CL.write.1.tlog
D:\工程\C++工程\Huffman_maz\Huffman_maz\Unhuff_file\Debug\link-cvtres.read.1.tlog
D:\工程\C++工程\Huffman_maz\Huffman_maz\Unhuff_file\Debug\link-cvtres.write.1.tlog
D:\工程\C++工程\Huffman_maz\Huffman_maz\Unhuff_file\Debug\link-rc.read.1.tlog
D:\工程\C++工程\Huffman_maz\Huffman_maz\Unhuff_file\Debug\link-rc.write.1.tlog
D:\工程\C++工程\Huffman_maz\Huffman_maz\Unhuff_file\Debug\link.command.1.tlog
D:\工程\C++工程\Huffman_maz\Huffman_maz\Unhuff_file\Debug\link.read.1.tlog
D:\工程\C++工程\Huffman_maz\Huffman_maz\Unhuff_file\Debug\link.write.1.tlog
D:\工程\C++工程\Huffman_maz\Huffman_maz\Unhuff_file\Debug\vc110.idb
D:\工程\C++工程\Huffman_maz\Huffman_maz\Unhuff_file\Debug\vc110.pdb
D:\工程\C++工程\Huffman_maz\Huffman_maz\Debug\Unhuff_file.pdb
D:\工程\C++工程\Huffman_maz\Huffman_maz\Debug\Unhuff_file.exe
D:\工程\C++工程\Huffman_maz\Huffman_maz\Debug\Unhuff_file.ilk
