D:\工程\C++工程\HUFFMAN_MAZ\HUFFMAN_MAZ\LZ77+HUFFMAN\DEBUG\BITIO.OBJ
D:\工程\C++工程\HUFFMAN_MAZ\HUFFMAN_MAZ\LZ77+HUFFMAN\DEBUG\HF.OBJ
D:\工程\C++工程\HUFFMAN_MAZ\HUFFMAN_MAZ\LZ77+HUFFMAN\DEBUG\LZ77.OBJ
D:\工程\C++工程\HUFFMAN_MAZ\HUFFMAN_MAZ\LZ77+HUFFMAN\DEBUG\MAIN.OBJ
D:\工程\C++工程\HUFFMAN_MAZ\HUFFMAN_MAZ\LZ77+HUFFMAN\DEBUG\TREE.OBJ
D:\工程\C++工程\HUFFMAN_MAZ\HUFFMAN_MAZ\LZ77+HUFFMAN\DEBUG\VC110.PDB
D:\工程\C++工程\HUFFMAN_MAZ\HUFFMAN_MAZ\DEBUG\LZ77NHUFFMAN.ILK
D:\工程\C++工程\HUFFMAN_MAZ\HUFFMAN_MAZ\DEBUG\LZ77NHUFFMAN.EXE
D:\工程\C++工程\HUFFMAN_MAZ\HUFFMAN_MAZ\DEBUG\LZ77NHUFFMAN.PDB
D:\工程\C++工程\Huffman_maz\Huffman_maz\LZ77+Huffman\Debug\bitio.obj
D:\工程\C++工程\Huffman_maz\Huffman_maz\LZ77+Huffman\Debug\Hf.obj
D:\工程\C++工程\Huffman_maz\Huffman_maz\LZ77+Huffman\Debug\lz77.obj
D:\工程\C++工程\Huffman_maz\Huffman_maz\LZ77+Huffman\Debug\main.obj
D:\工程\C++工程\Huffman_maz\Huffman_maz\LZ77+Huffman\Debug\tree.obj
D:\工程\C++工程\Huffman_maz\Huffman_maz\LZ77+Huffman\Debug\cl.command.1.tlog
D:\工程\C++工程\Huffman_maz\Huffman_maz\LZ77+Huffman\Debug\CL.read.1.tlog
D:\工程\C++工程\Huffman_maz\Huffman_maz\LZ77+Huffman\Debug\CL.write.1.tlog
D:\工程\C++工程\Huffman_maz\Huffman_maz\LZ77+Huffman\Debug\link-cvtres.read.1.tlog
D:\工程\C++工程\Huffman_maz\Huffman_maz\LZ77+Huffman\Debug\link-cvtres.write.1.tlog
D:\工程\C++工程\Huffman_maz\Huffman_maz\LZ77+Huffman\Debug\link-rc.read.1.tlog
D:\工程\C++工程\Huffman_maz\Huffman_maz\LZ77+Huffman\Debug\link-rc.write.1.tlog
D:\工程\C++工程\Huffman_maz\Huffman_maz\LZ77+Huffman\Debug\link.command.1.tlog
D:\工程\C++工程\Huffman_maz\Huffman_maz\LZ77+Huffman\Debug\link.read.1.tlog
D:\工程\C++工程\Huffman_maz\Huffman_maz\LZ77+Huffman\Debug\link.write.1.tlog
D:\工程\C++工程\Huffman_maz\Huffman_maz\LZ77+Huffman\Debug\vc110.idb
D:\工程\C++工程\Huffman_maz\Huffman_maz\LZ77+Huffman\Debug\vc110.pdb
D:\工程\C++工程\Huffman_maz\Huffman_maz\Debug\LZ77NHuffman.pdb
D:\工程\C++工程\Huffman_maz\Huffman_maz\Debug\LZ77NHuffman.exe
D:\工程\C++工程\Huffman_maz\Huffman_maz\Debug\LZ77NHuffman.ilk
