生成启动时间为 2018/10/23 20:49:08。
     1>项目“D:\工程\C++工程\Huffman_maz\Huffman_maz\Huff_file\Huff_file.vcxproj”在节点 2 上(Rebuild 个目标)。
     1>ClCompile:
         D:\Program Files (x86)\Microsoft Visual Studio 11.0\VC\bin\CL.exe /c /ZI /nologo /W3 /WX- /Od /Oy- /D _MBCS /Gm /EHsc /RTC1 /MDd /GS /Zc:wchar_t /Zc:forScope /Fo"Debug\\" /Fd"Debug\vc110.pdb" /Gd /TP /analyze- /errorReport:prompt "源.cpp"
         源.cpp
     1>d:\工程\c++工程\huffman_maz\huffman_maz\huff_file\源.cpp(118): warning C4018: “<”: 有符号/无符号不匹配
     1>d:\工程\c++工程\huffman_maz\huffman_maz\huff_file\源.cpp(214): warning C4996: 'fopen': This function or variable may be unsafe. Consider using fopen_s instead. To disable deprecation, use _CRT_SECURE_NO_WARNINGS. See online help for details.
                 d:\program files (x86)\microsoft visual studio 11.0\vc\include\stdio.h(218) : 参见“fopen”的声明
     1>d:\工程\c++工程\huffman_maz\huffman_maz\huff_file\源.cpp(247): warning C4996: 'fopen': This function or variable may be unsafe. Consider using fopen_s instead. To disable deprecation, use _CRT_SECURE_NO_WARNINGS. See online help for details.
                 d:\program files (x86)\microsoft visual studio 11.0\vc\include\stdio.h(218) : 参见“fopen”的声明
     1>d:\工程\c++工程\huffman_maz\huffman_maz\huff_file\源.cpp(273): warning C4996: 'gets': This function or variable may be unsafe. Consider using gets_s instead. To disable deprecation, use _CRT_SECURE_NO_WARNINGS. See online help for details.
                 d:\program files (x86)\microsoft visual studio 11.0\vc\include\stdio.h(261) : 参见“gets”的声明
     1>d:\工程\c++工程\huffman_maz\huffman_maz\huff_file\源.cpp(274): warning C4996: 'gets': This function or variable may be unsafe. Consider using gets_s instead. To disable deprecation, use _CRT_SECURE_NO_WARNINGS. See online help for details.
                 d:\program files (x86)\microsoft visual studio 11.0\vc\include\stdio.h(261) : 参见“gets”的声明
     1>d:\工程\c++工程\huffman_maz\huffman_maz\huff_file\源.cpp(282): warning C4996: 'scanf': This function or variable may be unsafe. Consider using scanf_s instead. To disable deprecation, use _CRT_SECURE_NO_WARNINGS. See online help for details.
                 d:\program files (x86)\microsoft visual studio 11.0\vc\include\stdio.h(290) : 参见“scanf”的声明
     1>d:\工程\c++工程\huffman_maz\huffman_maz\huff_file\源.cpp(287): warning C4996: 'scanf': This function or variable may be unsafe. Consider using scanf_s instead. To disable deprecation, use _CRT_SECURE_NO_WARNINGS. See online help for details.
                 d:\program files (x86)\microsoft visual studio 11.0\vc\include\stdio.h(290) : 参见“scanf”的声明
       Link:
         D:\Program Files (x86)\Microsoft Visual Studio 11.0\VC\bin\link.exe /ERRORREPORT:PROMPT /OUT:"D:\工程\C++工程\Huffman_maz\Huffman_maz\Debug\Huff_file.exe" /INCREMENTAL /NOLOGO kernel32.lib user32.lib gdi32.lib winspool.lib comdlg32.lib advapi32.lib shell32.lib ole32.lib oleaut32.lib uuid.lib odbc32.lib odbccp32.lib /MANIFEST /MANIFESTUAC:"level='asInvoker' uiAccess='false'" /manifest:embed /DEBUG /PDB:"D:\工程\C++工程\Huffman_maz\Huffman_maz\Debug\Huff_file.pdb" /TLBID:1 /DYNAMICBASE /NXCOMPAT /IMPLIB:"D:\工程\C++工程\Huffman_maz\Huffman_maz\Debug\Huff_file.lib" /MACHINE:X86 "Debug\源.obj"
         Huff_file.vcxproj -> D:\工程\C++工程\Huffman_maz\Huffman_maz\Debug\Huff_file.exe
     1>已完成生成项目“D:\工程\C++工程\Huffman_maz\Huffman_maz\Huff_file\Huff_file.vcxproj”(Rebuild 个目标)的操作。

生成成功。

已用时间 00:00:01.85
