D:\工程\C++工程\HUFFMAN_MAZ\HUFFMAN_MAZ\LZ77=\DEBUG\BITIO.OBJ
D:\工程\C++工程\HUFFMAN_MAZ\HUFFMAN_MAZ\LZ77=\DEBUG\LZ77.OBJ
D:\工程\C++工程\HUFFMAN_MAZ\HUFFMAN_MAZ\LZ77=\DEBUG\MAIN.OBJ
D:\工程\C++工程\HUFFMAN_MAZ\HUFFMAN_MAZ\LZ77=\DEBUG\TREE.OBJ
D:\工程\C++工程\HUFFMAN_MAZ\HUFFMAN_MAZ\LZ77=\DEBUG\VC110.PDB
D:\工程\C++工程\HUFFMAN_MAZ\HUFFMAN_MAZ\DEBUG\LZ77=.ILK
D:\工程\C++工程\HUFFMAN_MAZ\HUFFMAN_MAZ\DEBUG\LZ77=.EXE
D:\工程\C++工程\HUFFMAN_MAZ\HUFFMAN_MAZ\DEBUG\LZ77=.PDB
D:\工程\C++工程\Huffman_maz\Huffman_maz\lz77=\Debug\bitio.obj
D:\工程\C++工程\Huffman_maz\Huffman_maz\lz77=\Debug\lz77.obj
D:\工程\C++工程\Huffman_maz\Huffman_maz\lz77=\Debug\main.obj
D:\工程\C++工程\Huffman_maz\Huffman_maz\lz77=\Debug\tree.obj
D:\工程\C++工程\Huffman_maz\Huffman_maz\lz77=\Debug\cl.command.1.tlog
D:\工程\C++工程\Huffman_maz\Huffman_maz\lz77=\Debug\CL.read.1.tlog
D:\工程\C++工程\Huffman_maz\Huffman_maz\lz77=\Debug\CL.write.1.tlog
D:\工程\C++工程\Huffman_maz\Huffman_maz\lz77=\Debug\link-cvtres.read.1.tlog
D:\工程\C++工程\Huffman_maz\Huffman_maz\lz77=\Debug\link-cvtres.write.1.tlog
D:\工程\C++工程\Huffman_maz\Huffman_maz\lz77=\Debug\link-rc.read.1.tlog
D:\工程\C++工程\Huffman_maz\Huffman_maz\lz77=\Debug\link-rc.write.1.tlog
D:\工程\C++工程\Huffman_maz\Huffman_maz\lz77=\Debug\link.command.1.tlog
D:\工程\C++工程\Huffman_maz\Huffman_maz\lz77=\Debug\link.read.1.tlog
D:\工程\C++工程\Huffman_maz\Huffman_maz\lz77=\Debug\link.write.1.tlog
D:\工程\C++工程\Huffman_maz\Huffman_maz\lz77=\Debug\vc110.idb
D:\工程\C++工程\Huffman_maz\Huffman_maz\lz77=\Debug\vc110.pdb
D:\工程\C++工程\Huffman_maz\Huffman_maz\Debug\Lz77=.pdb
D:\工程\C++工程\Huffman_maz\Huffman_maz\Debug\Lz77=.exe
D:\工程\C++工程\Huffman_maz\Huffman_maz\Debug\Lz77=.ilk
