D:\工程\C++工程\HUFFMAN_MAZ\HUFFMAN_MAZ\LZ77+HUFFMAN\RELEASE\TREE.OBJ
D:\工程\C++工程\HUFFMAN_MAZ\HUFFMAN_MAZ\LZ77+HUFFMAN\RELEASE\MAIN.OBJ
D:\工程\C++工程\HUFFMAN_MAZ\HUFFMAN_MAZ\LZ77+HUFFMAN\RELEASE\LZ77.OBJ
D:\工程\C++工程\HUFFMAN_MAZ\HUFFMAN_MAZ\LZ77+HUFFMAN\RELEASE\HF.OBJ
D:\工程\C++工程\HUFFMAN_MAZ\HUFFMAN_MAZ\LZ77+HUFFMAN\RELEASE\BITIO.OBJ
D:\工程\C++工程\HUFFMAN_MAZ\HUFFMAN_MAZ\LZ77+HUFFMAN\RELEASE\VC110.PDB
D:\工程\C++工程\HUFFMAN_MAZ\HUFFMAN_MAZ\RELEASE\LZ77NHUFFMAN.EXE
D:\工程\C++工程\HUFFMAN_MAZ\HUFFMAN_MAZ\RELEASE\LZ77NHUFFMAN.PDB
D:\工程\C++工程\Huffman_maz\Huffman_maz\LZ77+Huffman\Release\bitio.obj
D:\工程\C++工程\Huffman_maz\Huffman_maz\LZ77+Huffman\Release\Hf.obj
D:\工程\C++工程\Huffman_maz\Huffman_maz\LZ77+Huffman\Release\lz77.obj
D:\工程\C++工程\Huffman_maz\Huffman_maz\LZ77+Huffman\Release\main.obj
D:\工程\C++工程\Huffman_maz\Huffman_maz\LZ77+Huffman\Release\tree.obj
D:\工程\C++工程\Huffman_maz\Huffman_maz\LZ77+Huffman\Release\cl.command.1.tlog
D:\工程\C++工程\Huffman_maz\Huffman_maz\LZ77+Huffman\Release\CL.read.1.tlog
D:\工程\C++工程\Huffman_maz\Huffman_maz\LZ77+Huffman\Release\CL.write.1.tlog
D:\工程\C++工程\Huffman_maz\Huffman_maz\LZ77+Huffman\Release\link-cvtres.read.1.tlog
D:\工程\C++工程\Huffman_maz\Huffman_maz\LZ77+Huffman\Release\link-cvtres.write.1.tlog
D:\工程\C++工程\Huffman_maz\Huffman_maz\LZ77+Huffman\Release\link-rc.read.1.tlog
D:\工程\C++工程\Huffman_maz\Huffman_maz\LZ77+Huffman\Release\link-rc.write.1.tlog
D:\工程\C++工程\Huffman_maz\Huffman_maz\LZ77+Huffman\Release\link.command.1.tlog
D:\工程\C++工程\Huffman_maz\Huffman_maz\LZ77+Huffman\Release\link.read.1.tlog
D:\工程\C++工程\Huffman_maz\Huffman_maz\LZ77+Huffman\Release\link.write.1.tlog
D:\工程\C++工程\Huffman_maz\Huffman_maz\LZ77+Huffman\Release\vc110.pdb
D:\工程\C++工程\Huffman_maz\Huffman_maz\Release\LZ77NHuffman.pdb
D:\工程\C++工程\Huffman_maz\Huffman_maz\Release\LZ77NHuffman.exe
