生成启动时间为 2018/12/8 11:46:52。
     1>项目“D:\工程\C++工程\Huffman_maz\Huffman_maz\LZ77+Huffman\LZ77+Huffman.vcxproj”在节点 2 上(Rebuild 个目标)。
     1>ClCompile:
         D:\Program Files (x86)\Microsoft Visual Studio 11.0\VC\bin\CL.exe /c /Zi /nologo /W3 /WX- /O2 /Oi /Oy- /GL /D _MBCS /Gm- /EHsc /MD /GS /Gy /Zc:wchar_t /Zc:forScope /Fo"Release\\" /Fd"Release\vc110.pdb" /Gd /TP /analyze- /errorReport:prompt bitio.cpp Hf.cpp lz77.cpp main.cpp tree.cpp
         bitio.cpp
     1>bitio.cpp(333): warning C4800: “int”: 将值强制为布尔值“true”或“false”(性能警告)
         Hf.cpp
         lz77.cpp
         main.cpp
         tree.cpp
       Link:
         D:\Program Files (x86)\Microsoft Visual Studio 11.0\VC\bin\link.exe /ERRORREPORT:PROMPT /OUT:"D:\工程\C++工程\Huffman_maz\Huffman_maz\Release\LZ77NHuffman.exe" /NOLOGO kernel32.lib user32.lib gdi32.lib winspool.lib comdlg32.lib advapi32.lib shell32.lib ole32.lib oleaut32.lib uuid.lib odbc32.lib odbccp32.lib /MANIFEST /MANIFESTUAC:"level='asInvoker' uiAccess='false'" /manifest:embed /DEBUG /PDB:"D:\工程\C++工程\Huffman_maz\Huffman_maz\Release\LZ77NHuffman.pdb" /OPT:REF /OPT:ICF /LTCG /TLBID:1 /DYNAMICBASE /NXCOMPAT /IMPLIB:"D:\工程\C++工程\Huffman_maz\Huffman_maz\Release\LZ77NHuffman.lib" /MACHINE:X86 /SAFESEH Release\bitio.obj
         Release\Hf.obj
         Release\lz77.obj
         Release\main.obj
         Release\tree.obj
         正在生成代码
         已完成代码的生成
         LZ77+Huffman.vcxproj -> D:\工程\C++工程\Huffman_maz\Huffman_maz\Release\LZ77NHuffman.exe
     1>已完成生成项目“D:\工程\C++工程\Huffman_maz\Huffman_maz\LZ77+Huffman\LZ77+Huffman.vcxproj”(Rebuild 个目标)的操作。

生成成功。

已用时间 00:00:02.28
