D:\工程\C++工程\HUFFMAN_MAZ\HUFFMAN_MAZ\HUFFMAN_MAZ\DEBUG\VC110.PDB
D:\工程\C++工程\HUFFMAN_MAZ\HUFFMAN_MAZ\HUFFMAN_MAZ\DEBUG\源.OBJ
D:\工程\C++工程\HUFFMAN_MAZ\HUFFMAN_MAZ\DEBUG\HUFFMAN_MAZ.ILK
D:\工程\C++工程\HUFFMAN_MAZ\HUFFMAN_MAZ\DEBUG\HUFFMAN_MAZ.EXE
D:\工程\C++工程\HUFFMAN_MAZ\HUFFMAN_MAZ\DEBUG\HUFFMAN_MAZ.PDB
D:\工程\C++工程\Huffman_maz\Huffman_maz\Huffman_maz\Debug\源.obj
D:\工程\C++工程\Huffman_maz\Huffman_maz\Huffman_maz\Debug\cl.command.1.tlog
D:\工程\C++工程\Huffman_maz\Huffman_maz\Huffman_maz\Debug\CL.read.1.tlog
D:\工程\C++工程\Huffman_maz\Huffman_maz\Huffman_maz\Debug\CL.write.1.tlog
D:\工程\C++工程\Huffman_maz\Huffman_maz\Huffman_maz\Debug\link-cvtres.read.1.tlog
D:\工程\C++工程\Huffman_maz\Huffman_maz\Huffman_maz\Debug\link-cvtres.write.1.tlog
D:\工程\C++工程\Huffman_maz\Huffman_maz\Huffman_maz\Debug\link-rc.read.1.tlog
D:\工程\C++工程\Huffman_maz\Huffman_maz\Huffman_maz\Debug\link-rc.write.1.tlog
D:\工程\C++工程\Huffman_maz\Huffman_maz\Huffman_maz\Debug\link.command.1.tlog
D:\工程\C++工程\Huffman_maz\Huffman_maz\Huffman_maz\Debug\link.read.1.tlog
D:\工程\C++工程\Huffman_maz\Huffman_maz\Huffman_maz\Debug\link.write.1.tlog
D:\工程\C++工程\Huffman_maz\Huffman_maz\Huffman_maz\Debug\vc110.idb
D:\工程\C++工程\Huffman_maz\Huffman_maz\Huffman_maz\Debug\vc110.pdb
D:\工程\C++工程\Huffman_maz\Huffman_maz\Debug\Huffman_maz.pdb
D:\工程\C++工程\Huffman_maz\Huffman_maz\Debug\Huffman_maz.exe
D:\工程\C++工程\Huffman_maz\Huffman_maz\Debug\Huffman_maz.ilk
