D:\工程\C++工程\HUFFMAN_MAZ\HUFFMAN_MAZ\LZ77=\RELEASE\TREE.OBJ
D:\工程\C++工程\HUFFMAN_MAZ\HUFFMAN_MAZ\LZ77=\RELEASE\MAIN.OBJ
D:\工程\C++工程\HUFFMAN_MAZ\HUFFMAN_MAZ\LZ77=\RELEASE\LZ77.OBJ
D:\工程\C++工程\HUFFMAN_MAZ\HUFFMAN_MAZ\LZ77=\RELEASE\BITIO.OBJ
D:\工程\C++工程\HUFFMAN_MAZ\HUFFMAN_MAZ\LZ77=\RELEASE\VC110.PDB
D:\工程\C++工程\HUFFMAN_MAZ\HUFFMAN_MAZ\RELEASE\LZ77=.EXE
D:\工程\C++工程\HUFFMAN_MAZ\HUFFMAN_MAZ\RELEASE\LZ77=.PDB
D:\工程\C++工程\Huffman_maz\Huffman_maz\lz77=\Release\bitio.obj
D:\工程\C++工程\Huffman_maz\Huffman_maz\lz77=\Release\lz77.obj
D:\工程\C++工程\Huffman_maz\Huffman_maz\lz77=\Release\main.obj
D:\工程\C++工程\Huffman_maz\Huffman_maz\lz77=\Release\tree.obj
D:\工程\C++工程\Huffman_maz\Huffman_maz\lz77=\Release\cl.command.1.tlog
D:\工程\C++工程\Huffman_maz\Huffman_maz\lz77=\Release\CL.read.1.tlog
D:\工程\C++工程\Huffman_maz\Huffman_maz\lz77=\Release\CL.write.1.tlog
D:\工程\C++工程\Huffman_maz\Huffman_maz\lz77=\Release\link-cvtres.read.1.tlog
D:\工程\C++工程\Huffman_maz\Huffman_maz\lz77=\Release\link-cvtres.write.1.tlog
D:\工程\C++工程\Huffman_maz\Huffman_maz\lz77=\Release\link-rc.read.1.tlog
D:\工程\C++工程\Huffman_maz\Huffman_maz\lz77=\Release\link-rc.write.1.tlog
D:\工程\C++工程\Huffman_maz\Huffman_maz\lz77=\Release\link.command.1.tlog
D:\工程\C++工程\Huffman_maz\Huffman_maz\lz77=\Release\link.read.1.tlog
D:\工程\C++工程\Huffman_maz\Huffman_maz\lz77=\Release\link.write.1.tlog
D:\工程\C++工程\Huffman_maz\Huffman_maz\lz77=\Release\vc110.pdb
D:\工程\C++工程\Huffman_maz\Huffman_maz\Release\Lz77=.pdb
D:\工程\C++工程\Huffman_maz\Huffman_maz\Release\Lz77=.exe
